{"statusCode":500,"body":"<html>\n<head>\n<meta http-equiv=\"Content-Type\" content=\"text/html; charset=UTF-8\"/>\n<title>Error 500 Request failed.</title>\n</head>\n<body><h2>HTTP ERROR 500</h2>\n<p>Problem accessing /hub/api/rest/services. Reason:\n<pre>    Request failed.</pre></p><hr><i><small>Powered by Jetty://</small></i><hr/>\n\n</body>\n</html>\n","headers":{"date":"Fri, 24 Jun 2016 11:54:03 GMT","content-type":"text/html; charset=ISO-8859-1","cache-control":"must-revalidate,no-cache,no-store","content-length":"317","server":"Jetty(9.2.10.v20150310)"},"request":{"uri":{"protocol":"http:","slashes":true,"auth":null,"host":"localhost:8080","port":"8080","hostname":"localhost","hash":null,"search":"?query=(key:periscope)","query":"query=(key:periscope)","pathname":"/hub/api/rest/services","path":"/hub/api/rest/services?query=(key:periscope)","href":"http://localhost:8080/hub/api/rest/services?query=(key:periscope)"},"method":"GET","headers":{"connection":"keep-alive","Content-Type":"application/json","Authorization":"Basic 0LLRi9Cw0YvQstCwOtGL0LLQsNGL0LLQsA==","accept":"application/json"}}}
{"access_token":"1466773767942.f12b9a21-6797-472b-b950-4b1deb832aa0.68667c68-9b83-4ebd-a495-1da0534ed23f.f12b9a21-6797-472b-b950-4b1deb832aa0 0-0-0-0-0;1.MC0CFQCFRAh0WuD22IijYesN1h6wfVcTgQIUI/dJCG4z1TZlg5WuGYbYZHdapbs=","token_type":"Bearer","expires_in":3600,"scope":"f12b9a21-6797-472b-b950-4b1deb832aa0 0-0-0-0-0","level":"info","message":"","timestamp":"2016-06-24T12:09:27.962Z"}
{"level":"info","message":"68667c68-9b83-4ebd-a495-1da0534ed23f","timestamp":"2016-06-24T12:09:28.262Z"}
{"level":"info","message":"68667c68-9b83-4ebd-a495-1da0534ed23f","timestamp":"2016-06-24T12:11:23.657Z"}
{"level":"info","message":"68667c68-9b83-4ebd-a495-1da0534ed23f","timestamp":"2016-06-24T12:12:01.269Z"}
{"level":"info","message":"68667c68-9b83-4ebd-a495-1da0534ed23f","timestamp":"2016-06-24T12:15:52.419Z"}
{"level":"info","message":"68667c68-9b83-4ebd-a495-1da0534ed23f","timestamp":"2016-06-24T12:19:42.863Z"}
{"level":"info","message":"68667c68-9b83-4ebd-a495-1da0534ed23f","timestamp":"2016-06-24T12:20:11.034Z"}
{"level":"info","message":"68667c68-9b83-4ebd-a495-1da0534ed23f","timestamp":"2016-06-24T12:30:23.796Z"}
{"level":"info","message":"68667c68-9b83-4ebd-a495-1da0534ed23f","timestamp":"2016-06-24T12:30:50.332Z"}
{"level":"info","message":"68667c68-9b83-4ebd-a495-1da0534ed23f","timestamp":"2016-06-24T12:35:36.763Z"}
{"access_token":"1466785534989.f12b9a21-6797-472b-b950-4b1deb832aa0.68667c68-9b83-4ebd-a495-1da0534ed23f.f12b9a21-6797-472b-b950-4b1deb832aa0 0-0-0-0-0;1.MCwCFETCRqnNSDPgX6f7QDSxBU3Y4It2AhQlWJ+kuRi261Z3myXSKtZt0yYeNA==","token_type":"Bearer","expires_in":3600,"scope":"f12b9a21-6797-472b-b950-4b1deb832aa0 0-0-0-0-0","level":"info","message":"","timestamp":"2016-06-24T15:25:35.006Z"}
{"level":"info","message":"68667c68-9b83-4ebd-a495-1da0534ed23f","timestamp":"2016-06-24T15:25:35.230Z"}
{"level":"info","message":"68667c68-9b83-4ebd-a495-1da0534ed23f","timestamp":"2016-06-24T15:27:09.489Z"}
{"level":"info","message":"68667c68-9b83-4ebd-a495-1da0534ed23f","timestamp":"2016-06-24T15:28:13.876Z"}
{"level":"info","message":"68667c68-9b83-4ebd-a495-1da0534ed23f","timestamp":"2016-06-24T15:33:30.281Z"}
{"level":"info","message":"68667c68-9b83-4ebd-a495-1da0534ed23f","timestamp":"2016-06-24T15:43:20.874Z"}
{"level":"info","message":"68667c68-9b83-4ebd-a495-1da0534ed23f","timestamp":"2016-06-24T15:47:38.350Z"}
{"access_token":"1466789841096.f12b9a21-6797-472b-b950-4b1deb832aa0.68667c68-9b83-4ebd-a495-1da0534ed23f.f12b9a21-6797-472b-b950-4b1deb832aa0 0-0-0-0-0;1.MCwCFHZCCZterswOfJw+NBCzIFmWMjDNAhQO2WlgThbLxQWJATjaBpIMId1tiQ==","token_type":"Bearer","expires_in":3600,"scope":"f12b9a21-6797-472b-b950-4b1deb832aa0 0-0-0-0-0","level":"info","message":"","timestamp":"2016-06-24T16:37:21.102Z"}
{"level":"info","message":"68667c68-9b83-4ebd-a495-1da0534ed23f","timestamp":"2016-06-24T16:37:21.262Z"}
{"level":"info","message":"68667c68-9b83-4ebd-a495-1da0534ed23f","timestamp":"2016-06-24T16:45:00.993Z"}
{"level":"info","message":"68667c68-9b83-4ebd-a495-1da0534ed23f","timestamp":"2016-06-24T16:52:52.439Z"}
{"level":"info","message":"68667c68-9b83-4ebd-a495-1da0534ed23f","timestamp":"2016-06-24T17:00:04.409Z"}
{"access_token":"1466803303832.f12b9a21-6797-472b-b950-4b1deb832aa0.68667c68-9b83-4ebd-a495-1da0534ed23f.f12b9a21-6797-472b-b950-4b1deb832aa0 0-0-0-0-0;1.MC0CFCWbS3Gr6/fgUL4ckoDb4cCsfYwBAhUAl0vIaSOG69wrNSDqjMxfjLWeevg=","token_type":"Bearer","expires_in":3600,"scope":"f12b9a21-6797-472b-b950-4b1deb832aa0 0-0-0-0-0","level":"info","message":"","timestamp":"2016-06-24T20:21:43.841Z"}
{"level":"info","message":"68667c68-9b83-4ebd-a495-1da0534ed23f","timestamp":"2016-06-24T20:21:43.987Z"}
{"level":"info","message":"68667c68-9b83-4ebd-a495-1da0534ed23f","timestamp":"2016-06-24T20:22:33.296Z"}
{"access_token":"1467023606200.f12b9a21-6797-472b-b950-4b1deb832aa0.68667c68-9b83-4ebd-a495-1da0534ed23f.f12b9a21-6797-472b-b950-4b1deb832aa0 0-0-0-0-0;1.MC0CFD+fBsm1ARo5ZE/Yixs0BOAFxTFhAhUAhr8VLGVlqFp8I5NhDT6AMuhpK28=","token_type":"Bearer","expires_in":3600,"scope":"f12b9a21-6797-472b-b950-4b1deb832aa0 0-0-0-0-0","level":"info","message":"","timestamp":"2016-06-27T09:33:26.204Z"}
{"level":"info","message":"68667c68-9b83-4ebd-a495-1da0534ed23f","timestamp":"2016-06-27T09:33:26.352Z"}
{"access_token":"1467023990100.f12b9a21-6797-472b-b950-4b1deb832aa0.68667c68-9b83-4ebd-a495-1da0534ed23f.f12b9a21-6797-472b-b950-4b1deb832aa0 0-0-0-0-0;1.MCwCFFDRAU3z25RLmOzuJEBaw5dHkv/ZAhQRrucGTkmvVIc1bRYzBlpr37IC8Q==","token_type":"Bearer","expires_in":3600,"scope":"f12b9a21-6797-472b-b950-4b1deb832aa0 0-0-0-0-0","level":"info","message":"","timestamp":"2016-06-27T09:39:50.105Z"}
{"access_token":"1467025044971.f12b9a21-6797-472b-b950-4b1deb832aa0.68667c68-9b83-4ebd-a495-1da0534ed23f.f12b9a21-6797-472b-b950-4b1deb832aa0 0-0-0-0-0;1.MCwCFFU1Lat8d8TQqjHgXm5yHpqD6s7rAhRzZgidmOevi+w+aInK0XvjFHi0NQ==","token_type":"Bearer","expires_in":3600,"scope":"f12b9a21-6797-472b-b950-4b1deb832aa0 0-0-0-0-0","level":"info","message":"","timestamp":"2016-06-27T09:57:24.976Z"}
{"level":"info","message":"68667c68-9b83-4ebd-a495-1da0534ed23f","timestamp":"2016-06-27T09:58:24.459Z"}
{"level":"info","message":"68667c68-9b83-4ebd-a495-1da0534ed23f","timestamp":"2016-06-27T09:58:31.115Z"}
{"level":"info","message":"68667c68-9b83-4ebd-a495-1da0534ed23f","timestamp":"2016-06-27T10:06:03.084Z"}
{"level":"info","message":"68667c68-9b83-4ebd-a495-1da0534ed23f","timestamp":"2016-06-27T10:07:27.185Z"}
{"level":"info","message":"68667c68-9b83-4ebd-a495-1da0534ed23f","timestamp":"2016-06-27T10:08:14.086Z"}
{"access_token":"1467038676699.f12b9a21-6797-472b-b950-4b1deb832aa0.68667c68-9b83-4ebd-a495-1da0534ed23f.f12b9a21-6797-472b-b950-4b1deb832aa0 0-0-0-0-0;1.MC0CFExvnFDT8aK9A5gIBuyBTMsN1OmjAhUAgaWbqBpBjJiivcxd+S50hZg1gNQ=","token_type":"Bearer","expires_in":3600,"scope":"f12b9a21-6797-472b-b950-4b1deb832aa0 0-0-0-0-0","level":"info","message":"","timestamp":"2016-06-27T13:44:36.713Z"}
{"level":"info","message":"68667c68-9b83-4ebd-a495-1da0534ed23f","timestamp":"2016-06-27T13:44:36.947Z"}
{"access_token":"1467040180512.f12b9a21-6797-472b-b950-4b1deb832aa0.68667c68-9b83-4ebd-a495-1da0534ed23f.f12b9a21-6797-472b-b950-4b1deb832aa0 0-0-0-0-0;1.MCwCFEb9ZE2Wi0yahBiMiMw9WLIvb7PNAhRuhAvgp5fj5XNoIvslQk/45iyV2Q==","token_type":"Bearer","expires_in":3600,"scope":"f12b9a21-6797-472b-b950-4b1deb832aa0 0-0-0-0-0","level":"info","message":"","timestamp":"2016-06-27T14:09:40.520Z"}
{"level":"info","message":"68667c68-9b83-4ebd-a495-1da0534ed23f","timestamp":"2016-06-27T14:09:43.995Z"}
{"access_token":"1467040219044.f12b9a21-6797-472b-b950-4b1deb832aa0.68667c68-9b83-4ebd-a495-1da0534ed23f.f12b9a21-6797-472b-b950-4b1deb832aa0 0-0-0-0-0;1.MCwCFCrjUaudMi9x7CNB1lo32Wq7kBVrAhQbvJIO7t2p21k6L6KcDntw1v53rw==","token_type":"Bearer","expires_in":3600,"scope":"f12b9a21-6797-472b-b950-4b1deb832aa0 0-0-0-0-0","level":"info","message":"","timestamp":"2016-06-27T14:10:19.051Z"}
{"level":"info","message":"68667c68-9b83-4ebd-a495-1da0534ed23f","timestamp":"2016-06-27T14:10:19.585Z"}
{"access_token":"1467040244609.f12b9a21-6797-472b-b950-4b1deb832aa0.68667c68-9b83-4ebd-a495-1da0534ed23f.f12b9a21-6797-472b-b950-4b1deb832aa0 0-0-0-0-0;1.MCwCFH33S6ZWdTwcxQdQ0wbLBRJ0ArmjAhRDBmRVfjY0ULf6FHKJQFbRN7BCpQ==","token_type":"Bearer","expires_in":3600,"scope":"f12b9a21-6797-472b-b950-4b1deb832aa0 0-0-0-0-0","level":"info","message":"","timestamp":"2016-06-27T14:10:44.623Z"}
{"level":"info","message":"68667c68-9b83-4ebd-a495-1da0534ed23f","timestamp":"2016-06-27T14:10:45.292Z"}
{"access_token":"1467040407209.f12b9a21-6797-472b-b950-4b1deb832aa0.68667c68-9b83-4ebd-a495-1da0534ed23f.f12b9a21-6797-472b-b950-4b1deb832aa0 0-0-0-0-0;1.MCwCFHytheEYCONH8XtARSqDzGy54cQ0AhRFFYnSDEM0Ewpf08iUPXSYcDH5Nw==","token_type":"Bearer","expires_in":3600,"scope":"f12b9a21-6797-472b-b950-4b1deb832aa0 0-0-0-0-0","level":"info","message":"","timestamp":"2016-06-27T14:13:27.220Z"}
{"level":"info","message":"68667c68-9b83-4ebd-a495-1da0534ed23f","timestamp":"2016-06-27T14:13:27.836Z"}
{"level":"info","message":"68667c68-9b83-4ebd-a495-1da0534ed23f","timestamp":"2016-06-27T14:14:20.794Z"}
{"access_token":"1467040633330.f12b9a21-6797-472b-b950-4b1deb832aa0.68667c68-9b83-4ebd-a495-1da0534ed23f.f12b9a21-6797-472b-b950-4b1deb832aa0 0-0-0-0-0;1.MCwCFDvuji2BiY+4sVze98GAks/qR/BTAhR6W3sLe3CvVNlyrVSqOUQfSby8Sw==","token_type":"Bearer","expires_in":3600,"scope":"f12b9a21-6797-472b-b950-4b1deb832aa0 0-0-0-0-0","level":"info","message":"","timestamp":"2016-06-27T14:17:17.386Z"}
{"level":"info","message":"68667c68-9b83-4ebd-a495-1da0534ed23f","timestamp":"2016-06-27T14:17:22.613Z"}
{"access_token":"1467042175016.f12b9a21-6797-472b-b950-4b1deb832aa0.68667c68-9b83-4ebd-a495-1da0534ed23f.f12b9a21-6797-472b-b950-4b1deb832aa0 0-0-0-0-0;1.MC4CFQCOomjE1S1dJiaQbaQBaOirPIMmgQIVAI+mSgVmNT4i8UI0oAOYD3mZHzDQ","token_type":"Bearer","expires_in":3600,"scope":"f12b9a21-6797-472b-b950-4b1deb832aa0 0-0-0-0-0","level":"info","message":"","timestamp":"2016-06-27T14:42:55.031Z"}
{"access_token":"1467043105902.f12b9a21-6797-472b-b950-4b1deb832aa0.68667c68-9b83-4ebd-a495-1da0534ed23f.f12b9a21-6797-472b-b950-4b1deb832aa0 0-0-0-0-0;1.MCwCFHsLyWJkKu55VsDrHfWUsBmjBkd6AhQmgM3bafs2vftd2PkYnNkmtuZ8/Q==","token_type":"Bearer","expires_in":3600,"scope":"f12b9a21-6797-472b-b950-4b1deb832aa0 0-0-0-0-0","level":"info","message":"","timestamp":"2016-06-27T14:58:25.921Z"}
{"access_token":"1467043168944.f12b9a21-6797-472b-b950-4b1deb832aa0.68667c68-9b83-4ebd-a495-1da0534ed23f.f12b9a21-6797-472b-b950-4b1deb832aa0 0-0-0-0-0;1.MCwCFG43ZKK3WGgXzjh6kPJLtRdngWh1AhQvAa4jspGLsvChMyx1oMe/Bmuttg==","token_type":"Bearer","expires_in":3600,"scope":"f12b9a21-6797-472b-b950-4b1deb832aa0 0-0-0-0-0","level":"info","message":"","timestamp":"2016-06-27T14:59:28.955Z"}
{"access_token":"1467043440743.f12b9a21-6797-472b-b950-4b1deb832aa0.68667c68-9b83-4ebd-a495-1da0534ed23f.f12b9a21-6797-472b-b950-4b1deb832aa0 0-0-0-0-0;1.MCwCFDMMKQc0c9UIM/UuokvaGDtFct/jAhRMp3Rn4lEZFTlemvQc1dUUjwE8ug==","token_type":"Bearer","expires_in":3600,"scope":"f12b9a21-6797-472b-b950-4b1deb832aa0 0-0-0-0-0","level":"info","message":"","timestamp":"2016-06-27T15:04:00.756Z"}
{"access_token":"1467044014312.f12b9a21-6797-472b-b950-4b1deb832aa0.68667c68-9b83-4ebd-a495-1da0534ed23f.f12b9a21-6797-472b-b950-4b1deb832aa0 0-0-0-0-0;1.MCwCFDeFBEBYR1pnbPOGnmzQPMBVPVRpAhRVNToCCggdBMjbOIVoDjoafHHuQg==","token_type":"Bearer","expires_in":3600,"scope":"f12b9a21-6797-472b-b950-4b1deb832aa0 0-0-0-0-0","level":"info","message":"","timestamp":"2016-06-27T15:13:34.326Z"}
{"access_token":"1467044181209.f12b9a21-6797-472b-b950-4b1deb832aa0.68667c68-9b83-4ebd-a495-1da0534ed23f.f12b9a21-6797-472b-b950-4b1deb832aa0 0-0-0-0-0;1.MC0CFQCDMQVGCyhC6PMD3QH3P6d/ywSv1gIUCnFBY/wkYjlD5yoRF0Z6r6EzWwk=","token_type":"Bearer","expires_in":3600,"scope":"f12b9a21-6797-472b-b950-4b1deb832aa0 0-0-0-0-0","level":"info","message":"","timestamp":"2016-06-27T15:16:21.221Z"}
{"access_token":"1467044337486.f12b9a21-6797-472b-b950-4b1deb832aa0.68667c68-9b83-4ebd-a495-1da0534ed23f.f12b9a21-6797-472b-b950-4b1deb832aa0 0-0-0-0-0;1.MCwCFFOknijDplS5XtLVZblp//CXQ9BUAhRtaMwhUQ76PgdPMOMZB78omhgf1A==","token_type":"Bearer","expires_in":3600,"scope":"f12b9a21-6797-472b-b950-4b1deb832aa0 0-0-0-0-0","level":"info","message":"","timestamp":"2016-06-27T15:18:57.497Z"}
{"access_token":"1467045205224.f12b9a21-6797-472b-b950-4b1deb832aa0.68667c68-9b83-4ebd-a495-1da0534ed23f.f12b9a21-6797-472b-b950-4b1deb832aa0 0-0-0-0-0;1.MCwCFHpkVlTsmuWyrNdW5yperDc6WRVSAhQBvO1vNPBsZgaH2qMTahZ2LA7yGA==","token_type":"Bearer","expires_in":3600,"scope":"f12b9a21-6797-472b-b950-4b1deb832aa0 0-0-0-0-0","level":"info","message":"","timestamp":"2016-06-27T15:33:25.237Z"}
{"access_token":"1467045257342.f12b9a21-6797-472b-b950-4b1deb832aa0.68667c68-9b83-4ebd-a495-1da0534ed23f.f12b9a21-6797-472b-b950-4b1deb832aa0 0-0-0-0-0;1.MC4CFQCFfSgFTusmBKfdHlJqICl0tAFiUAIVAIXB1IdVztM5OpaA6mW2bMLtsSDz","token_type":"Bearer","expires_in":3600,"scope":"f12b9a21-6797-472b-b950-4b1deb832aa0 0-0-0-0-0","level":"info","message":"","timestamp":"2016-06-27T15:34:17.350Z"}
{"access_token":"1467045279215.f12b9a21-6797-472b-b950-4b1deb832aa0.68667c68-9b83-4ebd-a495-1da0534ed23f.f12b9a21-6797-472b-b950-4b1deb832aa0 0-0-0-0-0;1.MCwCFB3C8D1XColQCx8iBxeuqtZ+tJcjAhQTwL/S+9LeVlyhZyGVOfu7Ooix0Q==","token_type":"Bearer","expires_in":3600,"scope":"f12b9a21-6797-472b-b950-4b1deb832aa0 0-0-0-0-0","level":"info","message":"","timestamp":"2016-06-27T15:34:39.222Z"}
{"access_token":"1467045410415.f12b9a21-6797-472b-b950-4b1deb832aa0.68667c68-9b83-4ebd-a495-1da0534ed23f.f12b9a21-6797-472b-b950-4b1deb832aa0 0-0-0-0-0;1.MCwCFF6l4Dcb5VtlFg0aWdldUdEgv/4UAhRjkpWqNv8eDTt4VDbQJ58/moNFlw==","token_type":"Bearer","expires_in":3600,"scope":"f12b9a21-6797-472b-b950-4b1deb832aa0 0-0-0-0-0","level":"info","message":"","timestamp":"2016-06-27T15:36:50.422Z"}
{"access_token":"1467046412821.f12b9a21-6797-472b-b950-4b1deb832aa0.68667c68-9b83-4ebd-a495-1da0534ed23f.f12b9a21-6797-472b-b950-4b1deb832aa0 0-0-0-0-0;1.MCwCFHvAPMQi7YmnI+4u2pyQYuxghpIgAhQSMWvY+WWSXz3PVYha8UcxuIeJhQ==","token_type":"Bearer","expires_in":3600,"scope":"f12b9a21-6797-472b-b950-4b1deb832aa0 0-0-0-0-0","level":"info","message":"","timestamp":"2016-06-27T15:53:32.835Z"}
{"access_token":"1467046655132.f12b9a21-6797-472b-b950-4b1deb832aa0.68667c68-9b83-4ebd-a495-1da0534ed23f.f12b9a21-6797-472b-b950-4b1deb832aa0 0-0-0-0-0;1.MCwCFHLRlbPvyLRSoeKI/rrjjY/bk3SFAhQp/6DCcKVuG/3SXg/XExoAkZbI9g==","token_type":"Bearer","expires_in":3600,"scope":"f12b9a21-6797-472b-b950-4b1deb832aa0 0-0-0-0-0","level":"info","message":"","timestamp":"2016-06-27T15:57:35.145Z"}
{"access_token":"1467046678222.f12b9a21-6797-472b-b950-4b1deb832aa0.68667c68-9b83-4ebd-a495-1da0534ed23f.f12b9a21-6797-472b-b950-4b1deb832aa0 0-0-0-0-0;1.MCwCFDDsdOK8qhnaxa9e9/9CMpnN0gDCAhRrQyfbKeuBNZXF5ytJAIMood3Xnw==","token_type":"Bearer","expires_in":3600,"scope":"f12b9a21-6797-472b-b950-4b1deb832aa0 0-0-0-0-0","level":"info","message":"","timestamp":"2016-06-27T15:57:58.235Z"}
{"access_token":"1467064555702.f12b9a21-6797-472b-b950-4b1deb832aa0.68667c68-9b83-4ebd-a495-1da0534ed23f.f12b9a21-6797-472b-b950-4b1deb832aa0 0-0-0-0-0;1.MCwCFEyDMajJLHeYSCtKybpYxgbkRh5ZAhRlL9Ufj2UWcPhvusv4mbG3QZ0RTA==","token_type":"Bearer","expires_in":3600,"scope":"f12b9a21-6797-472b-b950-4b1deb832aa0 0-0-0-0-0","level":"info","message":"","timestamp":"2016-06-27T20:55:55.731Z"}
{"access_token":"1467064877797.f12b9a21-6797-472b-b950-4b1deb832aa0.68667c68-9b83-4ebd-a495-1da0534ed23f.f12b9a21-6797-472b-b950-4b1deb832aa0 0-0-0-0-0;1.MCwCFD5AQRbJxVG5pHKylXKLGyWeOzu+AhQcxQMnLNGVWKL+/OksrvJGPDVuog==","token_type":"Bearer","expires_in":3600,"scope":"f12b9a21-6797-472b-b950-4b1deb832aa0 0-0-0-0-0","level":"info","message":"","timestamp":"2016-06-27T21:01:17.816Z"}
{"access_token":"1467065005303.f12b9a21-6797-472b-b950-4b1deb832aa0.68667c68-9b83-4ebd-a495-1da0534ed23f.f12b9a21-6797-472b-b950-4b1deb832aa0 0-0-0-0-0;1.MCwCFCbK7hpQwK400Z7LVRehsxi/ZnS3AhRl3rTuDj5JpR2Yy4HSckHQ17ICuw==","token_type":"Bearer","expires_in":3600,"scope":"f12b9a21-6797-472b-b950-4b1deb832aa0 0-0-0-0-0","level":"info","message":"","timestamp":"2016-06-27T21:03:25.325Z"}
{"access_token":"1467065117994.f12b9a21-6797-472b-b950-4b1deb832aa0.68667c68-9b83-4ebd-a495-1da0534ed23f.f12b9a21-6797-472b-b950-4b1deb832aa0 0-0-0-0-0;1.MC0CFBYkAitb6HrQ0eBg9LhVZiXRSJW0AhUAhgKVlK3iEQx3ARDzTHu0yJHNPQg=","token_type":"Bearer","expires_in":3600,"scope":"f12b9a21-6797-472b-b950-4b1deb832aa0 0-0-0-0-0","level":"info","message":"","timestamp":"2016-06-27T21:05:18.005Z"}
{"access_token":"1467065267669.f12b9a21-6797-472b-b950-4b1deb832aa0.68667c68-9b83-4ebd-a495-1da0534ed23f.f12b9a21-6797-472b-b950-4b1deb832aa0 0-0-0-0-0;1.MCwCFEnigxu/Q/MhL8DNaU9HF8LQ1h1fAhQZn4hKqJbRy4EBxa0y/koKZej5/w==","token_type":"Bearer","expires_in":3600,"scope":"f12b9a21-6797-472b-b950-4b1deb832aa0 0-0-0-0-0","level":"info","message":"","timestamp":"2016-06-27T21:07:47.688Z"}
{"access_token":"1467065308291.f12b9a21-6797-472b-b950-4b1deb832aa0.68667c68-9b83-4ebd-a495-1da0534ed23f.f12b9a21-6797-472b-b950-4b1deb832aa0 0-0-0-0-0;1.MCwCFHnJ6Zab6eeTxPLkQpdcwR3iYBfaAhQFCMdFbaaXAh8Tg3iUEpfLjYSDSg==","token_type":"Bearer","expires_in":3600,"scope":"f12b9a21-6797-472b-b950-4b1deb832aa0 0-0-0-0-0","level":"info","message":"","timestamp":"2016-06-27T21:08:28.300Z"}
{"access_token":"1467065618301.f12b9a21-6797-472b-b950-4b1deb832aa0.68667c68-9b83-4ebd-a495-1da0534ed23f.f12b9a21-6797-472b-b950-4b1deb832aa0 0-0-0-0-0;1.MCwCFFHF4l64KHPg0zb+axR6OMhTOQfCAhQSIb7NMd+NK9bFQ4sI796hLfr2jw==","token_type":"Bearer","expires_in":3600,"scope":"f12b9a21-6797-472b-b950-4b1deb832aa0 0-0-0-0-0","level":"info","message":"","timestamp":"2016-06-27T21:13:38.319Z"}
{"access_token":"1467065680611.f12b9a21-6797-472b-b950-4b1deb832aa0.68667c68-9b83-4ebd-a495-1da0534ed23f.f12b9a21-6797-472b-b950-4b1deb832aa0 0-0-0-0-0;1.MC0CFE4wGIHMfCKaF1EE0HwT0GM5xedeAhUAgYcG4YW1cbkyvToqKQ9QrdSNvQY=","token_type":"Bearer","expires_in":3600,"scope":"f12b9a21-6797-472b-b950-4b1deb832aa0 0-0-0-0-0","level":"info","message":"","timestamp":"2016-06-27T21:14:40.628Z"}
{"access_token":"1467065761185.f12b9a21-6797-472b-b950-4b1deb832aa0.68667c68-9b83-4ebd-a495-1da0534ed23f.f12b9a21-6797-472b-b950-4b1deb832aa0 0-0-0-0-0;1.MCwCFE2LuBerIH3eAEiL0Lts+Ugp3ALfAhRS4/BusNFSbF4p4EXPMCAPaARjQA==","token_type":"Bearer","expires_in":3600,"scope":"f12b9a21-6797-472b-b950-4b1deb832aa0 0-0-0-0-0","level":"info","message":"","timestamp":"2016-06-27T21:16:01.203Z"}
{"access_token":"1467065806370.f12b9a21-6797-472b-b950-4b1deb832aa0.68667c68-9b83-4ebd-a495-1da0534ed23f.f12b9a21-6797-472b-b950-4b1deb832aa0 0-0-0-0-0;1.MCwCFDqbT7DbuvQHHxbeRWSi3JdeZnK4AhReYMQzHWz8w+BO6UJSQnimBbojGw==","token_type":"Bearer","expires_in":3600,"scope":"f12b9a21-6797-472b-b950-4b1deb832aa0 0-0-0-0-0","level":"info","message":"","timestamp":"2016-06-27T21:16:46.388Z"}
{"access_token":"1467065819365.f12b9a21-6797-472b-b950-4b1deb832aa0.68667c68-9b83-4ebd-a495-1da0534ed23f.f12b9a21-6797-472b-b950-4b1deb832aa0 0-0-0-0-0;1.MC0CFC8QTRL8RcpjTw4WRqNY8vodXwXDAhUAhoa18/S9qO6u+NvrCmCgYiUOkQM=","token_type":"Bearer","expires_in":3600,"scope":"f12b9a21-6797-472b-b950-4b1deb832aa0 0-0-0-0-0","level":"info","message":"","timestamp":"2016-06-27T21:16:59.372Z"}
{"access_token":"1467065857005.f12b9a21-6797-472b-b950-4b1deb832aa0.68667c68-9b83-4ebd-a495-1da0534ed23f.f12b9a21-6797-472b-b950-4b1deb832aa0 0-0-0-0-0;1.MC4CFQCXONtbHfWwb0bFWQluXybbsBvcowIVAIOE0PJfVeX9W3iSbJDkexHH5NG5","token_type":"Bearer","expires_in":3600,"scope":"f12b9a21-6797-472b-b950-4b1deb832aa0 0-0-0-0-0","level":"info","message":"","timestamp":"2016-06-27T21:17:37.018Z"}
{"access_token":"1467066453468.f12b9a21-6797-472b-b950-4b1deb832aa0.68667c68-9b83-4ebd-a495-1da0534ed23f.f12b9a21-6797-472b-b950-4b1deb832aa0 0-0-0-0-0;1.MC0CFQCOaHWxbryXqTWNMtGTxzc6oDpSewIUP95+KnBDQQYgwLHcdJ2Z4+JvvpM=","token_type":"Bearer","expires_in":3600,"scope":"f12b9a21-6797-472b-b950-4b1deb832aa0 0-0-0-0-0","level":"info","message":"","timestamp":"2016-06-27T21:27:33.487Z"}
{"access_token":"1467066602170.f12b9a21-6797-472b-b950-4b1deb832aa0.68667c68-9b83-4ebd-a495-1da0534ed23f.f12b9a21-6797-472b-b950-4b1deb832aa0 0-0-0-0-0;1.MCwCFBpY10FR4IxSmeTzTIy99+DLHUGhAhRuaD4OXwJN33aKdCWZpMerK75YUw==","token_type":"Bearer","expires_in":3600,"scope":"f12b9a21-6797-472b-b950-4b1deb832aa0 0-0-0-0-0","level":"info","message":"","timestamp":"2016-06-27T21:30:02.182Z"}
{"access_token":"1467107545689.f12b9a21-6797-472b-b950-4b1deb832aa0.68667c68-9b83-4ebd-a495-1da0534ed23f.f12b9a21-6797-472b-b950-4b1deb832aa0 0-0-0-0-0;1.MC0CFQCHyIyiJxuH4/8AaOwYcemCigFG0gIUU6IhAyqToDNxPTTETIgC3YbPC0k=","token_type":"Bearer","expires_in":3600,"scope":"f12b9a21-6797-472b-b950-4b1deb832aa0 0-0-0-0-0","level":"info","message":"","timestamp":"2016-06-28T08:52:25.705Z"}
{"access_token":"1467107658952.f12b9a21-6797-472b-b950-4b1deb832aa0.68667c68-9b83-4ebd-a495-1da0534ed23f.f12b9a21-6797-472b-b950-4b1deb832aa0 0-0-0-0-0;1.MCwCFBgSjDK+mz6m2OlvFB6PSpLU1OXuAhQCiGrHkknajREuNg58aRCtjgjF8Q==","token_type":"Bearer","expires_in":3600,"scope":"f12b9a21-6797-472b-b950-4b1deb832aa0 0-0-0-0-0","level":"info","message":"","timestamp":"2016-06-28T08:54:18.960Z"}
{"access_token":"1467107748612.f12b9a21-6797-472b-b950-4b1deb832aa0.68667c68-9b83-4ebd-a495-1da0534ed23f.f12b9a21-6797-472b-b950-4b1deb832aa0 0-0-0-0-0;1.MC0CFQCHzHRLq0pfLqRE10T66nKOs/RuYwIUCMJi+/EjK0NFFD7asZONedoit7c=","token_type":"Bearer","expires_in":3600,"scope":"f12b9a21-6797-472b-b950-4b1deb832aa0 0-0-0-0-0","level":"info","message":"","timestamp":"2016-06-28T08:55:48.629Z"}
{"access_token":"1467107820843.f12b9a21-6797-472b-b950-4b1deb832aa0.68667c68-9b83-4ebd-a495-1da0534ed23f.f12b9a21-6797-472b-b950-4b1deb832aa0 0-0-0-0-0;1.MCwCFHWxRNipz77H3dAuy3IB2jWu7FEJAhR22+JWBhhM2uKFCL1BGc83sk5Udg==","token_type":"Bearer","expires_in":3600,"scope":"f12b9a21-6797-472b-b950-4b1deb832aa0 0-0-0-0-0","level":"info","message":"","timestamp":"2016-06-28T08:57:00.859Z"}
{"access_token":"1467107983444.f12b9a21-6797-472b-b950-4b1deb832aa0.058e7ac3-8944-4bc5-8fbe-9a849c441490.f12b9a21-6797-472b-b950-4b1deb832aa0 0-0-0-0-0;1.MCwCFCOmwrYIDpqNzOZTH8jHSaGXaIK+AhRBU+l33uPeEm65qTvJ5oOUzM9JLA==","token_type":"Bearer","expires_in":3600,"scope":"f12b9a21-6797-472b-b950-4b1deb832aa0 0-0-0-0-0","level":"info","message":"","timestamp":"2016-06-28T08:59:43.450Z"}
{"access_token":"1467108011473.f12b9a21-6797-472b-b950-4b1deb832aa0.058e7ac3-8944-4bc5-8fbe-9a849c441490.f12b9a21-6797-472b-b950-4b1deb832aa0 0-0-0-0-0;1.MCwCFAy05ECa5iBqbgQDXWB5J85xWIJaAhRj9FpciTs3y6rv+zMr39OwI8gNzA==","token_type":"Bearer","expires_in":3600,"scope":"f12b9a21-6797-472b-b950-4b1deb832aa0 0-0-0-0-0","level":"info","message":"","timestamp":"2016-06-28T09:00:11.486Z"}
{"access_token":"1467108212851.f12b9a21-6797-472b-b950-4b1deb832aa0.058e7ac3-8944-4bc5-8fbe-9a849c441490.f12b9a21-6797-472b-b950-4b1deb832aa0 0-0-0-0-0;1.MCwCFAMrOBBEBldVZqq9USLXBKSMygl8AhQ5MWTn/mCAqrriyXuKkMd+gE9n5Q==","token_type":"Bearer","expires_in":3600,"scope":"f12b9a21-6797-472b-b950-4b1deb832aa0 0-0-0-0-0","level":"info","message":"","timestamp":"2016-06-28T09:03:32.864Z"}
{"access_token":"1467108352578.f12b9a21-6797-472b-b950-4b1deb832aa0.058e7ac3-8944-4bc5-8fbe-9a849c441490.f12b9a21-6797-472b-b950-4b1deb832aa0 0-0-0-0-0;1.MC0CFQCXQE6E2afr0vFgX1XObXQPhgLJDQIUSHoXd5YGMI5nqqsc8UejJemearU=","token_type":"Bearer","expires_in":3600,"scope":"f12b9a21-6797-472b-b950-4b1deb832aa0 0-0-0-0-0","level":"info","message":"","timestamp":"2016-06-28T09:05:52.594Z"}
{"access_token":"1467110978151.f12b9a21-6797-472b-b950-4b1deb832aa0.058e7ac3-8944-4bc5-8fbe-9a849c441490.f12b9a21-6797-472b-b950-4b1deb832aa0 0-0-0-0-0;1.MCwCFBlAG9QTRLtHHd38HE1wsFxmYKuQAhQUWPcURiSjBFSdLUH1M0PacR2IpQ==","token_type":"Bearer","expires_in":3600,"scope":"f12b9a21-6797-472b-b950-4b1deb832aa0 0-0-0-0-0","level":"info","message":"","timestamp":"2016-06-28T09:49:38.157Z"}
{"access_token":"1467111041659.f12b9a21-6797-472b-b950-4b1deb832aa0.058e7ac3-8944-4bc5-8fbe-9a849c441490.f12b9a21-6797-472b-b950-4b1deb832aa0 0-0-0-0-0;1.MCwCFHLUyEuE2xGPQcmm7sDfKqeCfyuiAhQhgqCg/1y7fjF7bnAHJbtR1gLvdA==","token_type":"Bearer","expires_in":3600,"scope":"f12b9a21-6797-472b-b950-4b1deb832aa0 0-0-0-0-0","level":"info","message":"","timestamp":"2016-06-28T09:50:41.677Z"}
{"access_token":"1467111148997.f12b9a21-6797-472b-b950-4b1deb832aa0.058e7ac3-8944-4bc5-8fbe-9a849c441490.f12b9a21-6797-472b-b950-4b1deb832aa0 0-0-0-0-0;1.MCwCFDCyghH/FD/eDimpvONOVGH9/uvSAhQOUcpqR2Y+Y7ialH4S966MCqQ+QQ==","token_type":"Bearer","expires_in":3600,"scope":"f12b9a21-6797-472b-b950-4b1deb832aa0 0-0-0-0-0","level":"info","message":"","timestamp":"2016-06-28T09:52:29.014Z"}
{"access_token":"1467111181330.f12b9a21-6797-472b-b950-4b1deb832aa0.058e7ac3-8944-4bc5-8fbe-9a849c441490.f12b9a21-6797-472b-b950-4b1deb832aa0 0-0-0-0-0;1.MCwCFEFb3w2NBUXbaMY/RhWjr4iNPah4AhQyrDGr4uGYcEZt1riqHCuhLjZm8w==","token_type":"Bearer","expires_in":3600,"scope":"f12b9a21-6797-472b-b950-4b1deb832aa0 0-0-0-0-0","level":"info","message":"","timestamp":"2016-06-28T09:53:01.337Z"}
{"access_token":"1467111279606.f12b9a21-6797-472b-b950-4b1deb832aa0.058e7ac3-8944-4bc5-8fbe-9a849c441490.f12b9a21-6797-472b-b950-4b1deb832aa0 0-0-0-0-0;1.MCwCFBjNMOjzJqLtRM1oPjA4YB8x/LDuAhR+GIrI9so/Jqi8PLDDLfjqLEl5xw==","token_type":"Bearer","expires_in":3600,"scope":"f12b9a21-6797-472b-b950-4b1deb832aa0 0-0-0-0-0","level":"info","message":"","timestamp":"2016-06-28T09:54:39.610Z"}
{"access_token":"1467111329470.f12b9a21-6797-472b-b950-4b1deb832aa0.058e7ac3-8944-4bc5-8fbe-9a849c441490.f12b9a21-6797-472b-b950-4b1deb832aa0 0-0-0-0-0;1.MCwCFBAtTIOUcCRtgDDNCU3AbeK3XBaZAhRd/KKyegS9g87PVjEx019gOOC9DA==","token_type":"Bearer","expires_in":3600,"scope":"f12b9a21-6797-472b-b950-4b1deb832aa0 0-0-0-0-0","level":"info","message":"","timestamp":"2016-06-28T09:55:29.478Z"}
{"access_token":"1467111461538.f12b9a21-6797-472b-b950-4b1deb832aa0.058e7ac3-8944-4bc5-8fbe-9a849c441490.f12b9a21-6797-472b-b950-4b1deb832aa0 0-0-0-0-0;1.MC0CFGmWK6pE1lLaRa5Ms+iylQVFeeQyAhUAgz5KcMNHQgnBO9fyrkwY165o3J4=","token_type":"Bearer","expires_in":3600,"scope":"f12b9a21-6797-472b-b950-4b1deb832aa0 0-0-0-0-0","level":"info","message":"","timestamp":"2016-06-28T09:57:41.551Z"}
{"access_token":"1467111484770.f12b9a21-6797-472b-b950-4b1deb832aa0.058e7ac3-8944-4bc5-8fbe-9a849c441490.f12b9a21-6797-472b-b950-4b1deb832aa0 0-0-0-0-0;1.MCwCFBT7ugx02m5Czw5I9ZlANZRqG+3eAhQjxEhNgtUgOnGzYhUeBklNTJTqmQ==","token_type":"Bearer","expires_in":3600,"scope":"f12b9a21-6797-472b-b950-4b1deb832aa0 0-0-0-0-0","level":"info","message":"","timestamp":"2016-06-28T09:58:04.780Z"}
{"access_token":"1467111528109.f12b9a21-6797-472b-b950-4b1deb832aa0.058e7ac3-8944-4bc5-8fbe-9a849c441490.f12b9a21-6797-472b-b950-4b1deb832aa0 0-0-0-0-0;1.MCwCFCqIVYTbw7hFWEyFwzXV1fCgAL6QAhRwmoT6pvQNaZPriteRUWKAip/yHQ==","token_type":"Bearer","expires_in":3600,"scope":"f12b9a21-6797-472b-b950-4b1deb832aa0 0-0-0-0-0","level":"info","message":"","timestamp":"2016-06-28T09:58:48.113Z"}
{"access_token":"1467111907345.f12b9a21-6797-472b-b950-4b1deb832aa0.68667c68-9b83-4ebd-a495-1da0534ed23f.f12b9a21-6797-472b-b950-4b1deb832aa0 0-0-0-0-0;1.MC0CFQCTuDjwufM/ya+hfIla+t4nuvSR8gIUHwG32P18BrUzIJMsxIrysoVzuhs=","token_type":"Bearer","expires_in":3600,"scope":"f12b9a21-6797-472b-b950-4b1deb832aa0 0-0-0-0-0","level":"info","message":"","timestamp":"2016-06-28T10:05:07.350Z"}
{"access_token":"1467112266868.f12b9a21-6797-472b-b950-4b1deb832aa0.68667c68-9b83-4ebd-a495-1da0534ed23f.f12b9a21-6797-472b-b950-4b1deb832aa0 0-0-0-0-0;1.MCwCFDEJ/ZUP8cyh/mj7IiBMxNaJS4buAhQerPc/KxjjHFonNxqHURf38QUjEg==","token_type":"Bearer","expires_in":3600,"scope":"f12b9a21-6797-472b-b950-4b1deb832aa0 0-0-0-0-0","level":"info","message":"","timestamp":"2016-06-28T10:11:06.887Z"}
{"access_token":"1467112584876.f12b9a21-6797-472b-b950-4b1deb832aa0.68667c68-9b83-4ebd-a495-1da0534ed23f.f12b9a21-6797-472b-b950-4b1deb832aa0 0-0-0-0-0;1.MCwCFGyduXwqr4gBYzFjr2jOgybWjKVFAhQv8AMPXbtgkZKgUNUqyeiuYMpnOQ==","token_type":"Bearer","expires_in":3600,"scope":"f12b9a21-6797-472b-b950-4b1deb832aa0 0-0-0-0-0","level":"info","message":"","timestamp":"2016-06-28T10:16:24.886Z"}
{"access_token":"1467113268649.f12b9a21-6797-472b-b950-4b1deb832aa0.68667c68-9b83-4ebd-a495-1da0534ed23f.f12b9a21-6797-472b-b950-4b1deb832aa0 0-0-0-0-0;1.MC0CFQCH1/HggVTevqaO9qQhk1SxugzVtwIUPl/XGl5nUCDFL2ldaD2jH3xyb7I=","token_type":"Bearer","expires_in":3600,"scope":"f12b9a21-6797-472b-b950-4b1deb832aa0 0-0-0-0-0","level":"info","message":"","timestamp":"2016-06-28T10:27:48.664Z"}
{"access_token":"1467113622522.f12b9a21-6797-472b-b950-4b1deb832aa0.68667c68-9b83-4ebd-a495-1da0534ed23f.f12b9a21-6797-472b-b950-4b1deb832aa0 0-0-0-0-0;1.MC0CFHi4ZGpOtKiEOxntOA1EG8BJ2M0jAhUAlWOcEj6dnoKUyhGbwSj8KcjaTdc=","token_type":"Bearer","expires_in":3600,"scope":"f12b9a21-6797-472b-b950-4b1deb832aa0 0-0-0-0-0","level":"info","message":"","timestamp":"2016-06-28T10:33:42.529Z"}
{"access_token":"1467114070899.f12b9a21-6797-472b-b950-4b1deb832aa0.68667c68-9b83-4ebd-a495-1da0534ed23f.f12b9a21-6797-472b-b950-4b1deb832aa0 0-0-0-0-0;1.MC0CFHg8TGOvj+1cgSwPoNUiCyJPC1lDAhUAkg229RcLFGeLzaVWhTFz58OfUL4=","token_type":"Bearer","expires_in":3600,"scope":"f12b9a21-6797-472b-b950-4b1deb832aa0 0-0-0-0-0","level":"info","message":"","timestamp":"2016-06-28T10:41:10.916Z"}
{"access_token":"1467114549887.f12b9a21-6797-472b-b950-4b1deb832aa0.68667c68-9b83-4ebd-a495-1da0534ed23f.f12b9a21-6797-472b-b950-4b1deb832aa0 0-0-0-0-0;1.MCwCFG2B5oS85Nvea2bCaojtoYIdO7f5AhR+lOECFo015jhlufWFddYF3xpqmw==","token_type":"Bearer","expires_in":3600,"scope":"f12b9a21-6797-472b-b950-4b1deb832aa0 0-0-0-0-0","level":"info","message":"","timestamp":"2016-06-28T10:49:09.897Z"}
{"access_token":"1467114621534.f12b9a21-6797-472b-b950-4b1deb832aa0.68667c68-9b83-4ebd-a495-1da0534ed23f.f12b9a21-6797-472b-b950-4b1deb832aa0 0-0-0-0-0;1.MCwCFEljYlbstDcpIUrd6TsPzw9y5ZtWAhRlnHttP5+5xtXhd1sXyUQPJHk3og==","token_type":"Bearer","expires_in":3600,"scope":"f12b9a21-6797-472b-b950-4b1deb832aa0 0-0-0-0-0","level":"info","message":"","timestamp":"2016-06-28T10:50:21.550Z"}
{"level":"info","message":"68667c68-9b83-4ebd-a495-1da0534ed23f","timestamp":"2016-06-28T10:50:30.781Z"}
{"level":"info","message":"68667c68-9b83-4ebd-a495-1da0534ed23f","timestamp":"2016-06-28T10:50:47.414Z"}
